<?xml version="1.0" encoding="UTF-8"?>
<!-- Generated by org.testng.reporters.JUnitReportReporter -->
<testsuite hostname="DESKTOP-NML1G31" failures="0" tests="1" name="runners.TestRunner" time="33.670" errors="0" timestamp="2023-09-14T22:01:46 IST" skipped="0">
  <testcase classname="runners.TestRunner" name="runScenario" time="33.670"/>
  <system-out/>
</testsuite> <!-- runners.TestRunner -->
